make.exe all --print-data-base --no-builtin-variables --no-builtin-rules --question
# GNU Make 3.82.90
# Built for i686-pc-mingw32
# Copyright (C) 1988-2012 Free Software Foundation, Inc.
# License GPLv3+: GNU GPL version 3 or later <http://gnu.org/licenses/gpl.html>
# This is free software: you are free to change and redistribute it.
# There is NO WARRANTY, to the extent permitted by law.
 

# Make data base, printed on Tue Jul 26 12:08:35 2022

# Variables

# automatic
<D = $(patsubst %/,%,$(patsubst %\,%,$(dir $<)))
# automatic
?F = $(notdir $?)
# default
.SHELLFLAGS := -c
# makefile
MAKEFLAGS = Rrqp
# environment
GENICAM_CACHE_V3_0 = C:\ProgramData\STEMMER IMAGING\Common Vision Blox\GenICam\xml\GenApi\cache
# automatic
?D = $(patsubst %/,%,$(patsubst %\,%,$(dir $?)))
# environment
PLATFORMIO_IDE = 2.5.0
# automatic
@D = $(patsubst %/,%,$(patsubst %\,%,$(dir $@)))
# environment
HOMEDRIVE = C:
# automatic
@F = $(notdir $@)
# automatic
^D = $(patsubst %/,%,$(patsubst %\,%,$(dir $^)))
# makefile
CURDIR := c:/Users/SamiDhiab/Theion_Repos/lib_keyence_distance_sensor/dependencies/SerialPort
# default
SHELL := sh.exe
# environment
WINDIR = C:\WINDOWS
# environment
VSCODE_NLS_CONFIG = {"locale":"en-us","availableLanguages":{},"_languagePackSupport":true}
# environment
VBOX_MSI_INSTALL_PATH = C:\Program Files\Oracle\VirtualBox\
# environment
PYCHARM COMMUNITY EDITION = C:\Program Files\JetBrains\PyChar 
m Community Edition 2021.2.2\bin;
# environment
ONEDRIVE = C:\Users\SamiDhiab\OneDrive - Theion GmbH
# environment
CVBCONFIG = C:\ProgramData\STEMMER IMAGING\Common Vision Blox\
# environment
USERPROFILE = C:\Users\SamiDhiab
# environment
PATHEXT = .COM;.EXE;.BAT;.CMD;.VBS;.VBE;.JS;.JSE;.WSF;.WSH;.MSC
# makefile
MAKEFILE_LIST := 
# environment
TMP = C:\Users\SAMIDH~1\AppData\Local\Temp
# environment
GENICAM_GENTL64_PATH = C:\Program Files\STEMMER IMAGING\Common Vision Blox\GenICam\bin\win64_x64\TLIs
# environment
PROGRAMW6432 = C:\Program Files
# environment
CVGENICAM_REGISTRY = C:\ProgramData\STEMMER IMAGING\Common Vision Blox\GenICam\xml\Registry
# environment
PROGRAMDATA = C:\ProgramData
# environment
VSCODE_CWD = C:\Users\SamiDhiab\AppData\Local\Programs\Microsoft VS Code
# environment
NO_PROXY = 127.0.0.1
# environment
COMMONPROGRAMW6432 = C:\Program Files\Common Files
# environment
CHOCOLATEYLASTPATHUPDATE = 132776740991238767
# environment
PROCESSOR_ARCHITECTURE = x86
# environment
PLATFORMIO = C:\Users\SamiDhiab\.platformio\penv\Scripts\platformio.exe
# environment
CHOCOLATEYINSTALL = C:\ProgramData\chocolatey
# environment
ALLUSERSPROFILE = C:\ProgramData
# environment
NUMBER_OF_PROCESSORS = 8
# environment
ELECTRON_RUN_AS_NODE = 1
# default
.FEATURES := target-specific order-only second-expansion else-if shortest-stem undefine oneshell archives jobserver
# automatic
%F = $(notdir $%)
# environment
CHROME_CRASHPAD_PIPE_NAME = \\.\pipe\crashpad_10376_MPFGLZGGLJEYCVAB
# environment
COMPUTERNAME = DESKTOP-BRFNNCP
# environment
PROGRAMFILES = C:\Program Files (x86)
# environment
DRIVERDATA = C:\Windows\System32\Drivers\DriverData
# environment
ORIGINAL_XDG_CURRENT_DESKTOP = undefined
# environment
USERNAME = SamiDhiab
# environment
PUBLIC = C:\Users\Public
# environment
VSCODE_AMD_ENTRYPOINT = vs/workbench/api/node/extensionHostProcess
# environment
VSCODE_CODE_CACHE_PATH = C:\Users\SamiDhiab\AppData\Roaming\Code\CachedData\3b889b090b5ad5793f524b5d1d39fda662b96a2a
# environment
APPLICATION_INSIGHTS_NO_DIAGNOSTIC_CHANNEL = 1
# environment
COMMONPROGRAMFILES = C:\Program Files (x86)\Common Files
# environment
LOGONSERVER = \\DESKTOP-BRFNNCP
# environment
VSCODE_HANDLES_UNCAUGHT_ERRORS = true
# environment
USERDOMAIN = AzureAD
# environment
MAKELEVEL := 0
# environment
PLATFORMIO_PATH = C:\Users\SamiDhiab\.platformio\python3;C:\Program Files\Eclipse Foundation\jdk-8.0.302.8-hotspot\bin;C:\Program Files (x86)\Common Files\Oracle\Java\javapath;C:\WINDOWS\system32;C:\WINDOWS;C:\WINDOWS\System32\Wbem;C:\WINDOWS\System32\WindowsPowerShell\v1.0\;C:\WINDOWS\System32\OpenSSH\;C:\Program Files\PuTTY\;C:\Program Files\Git\cmd;C:\TDM-GCC-64\bin;C:\Program Files\nodejs\;C:\Program Files\dotnet\;C:\ProgramData\chocolatey\bin;C:\Program Files\STEMMER IMAGING\Common Vision Blox\;C:\Program Files\Microsoft SQL Server\130\Tools\Binn\;C:\Program Files\Microsoft SQL Server\Client SDK\ODBC\170\Tools\Binn\;C:\Program Files\CMake\bin;C;C:\Program Files (x86)\Graphviz\bin;C:\Users\SamiDhiab\AppData\Local\Programs\Python\Python39\Scripts\;C:\Users\SamiDhiab\AppData\Local\Programs\Python\Python39\;C:\Users\SamiDhiab\AppData\Local\Microsoft\WindowsApps;C:\Users\SamiDhiab\AppData\Roaming\npm;C:\Users\SamiDhiab\.dotnet\tools;C:\Program Files\JetBrains\PyCharm Community Edition 2021.2.2\bin;;C:\Users\SamiDhiab\.platformio\penv\Scripts\;C:\Users\SamiDhiab\AppData\Local\Programs\Microsoft VS Code\bin;C:\Users\SamiDhiab\AppData\Local\Programs\MiKTeX\miktex\bin\x64\;C:\Program Files\doxygen\bin;C:\Users\SamiDhiab\AppData\Local\Programs\BFGroup\B2\;C:\Program Files\Eclipse Foundation\jdk-8.0.302.8-hotspot\bin;C:\Program Files (x86)\Common Files\Oracle\Java\javapath;C:\WINDOWS\system32;C:\WINDOWS;C:\WINDOWS\System32\Wbem;C:\WINDOWS\System32\WindowsPowerShell\v1.0\;C:\WINDOWS\System32\OpenSSH\;C:\Program Files\PuTTY\;C:\Program Files\Git\cmd;C:\TDM-GCC-64\bin;C:\Program Files\nodejs\;C:\Program Files\dotnet\;C:\ProgramData\chocolatey\bin;C:\Program Files\STEMMER IMAGING\Common Vision Blox\;C:\Program Files\Microsoft SQL Server\130\Tools\Binn\;C:\Program Files\Microsoft SQL Server\Client SDK\ODBC\170\Tools\Binn\;C:\Program Files\CMake\bin;C;C:\Program Files (x86)\Graphviz\bin;C:\Users\SamiDhiab\AppData\Local\Programs\Python\Python39\Scripts\;C:\Users\SamiDhiab\AppData\Local\Programs\Python\Python39\;C:\Users\SamiDhiab\AppData\Local\Microsoft\WindowsApps;C:\Users\SamiDhiab\AppData\Roaming\npm;C:\Users\SamiDhiab\.dotnet\tools;C:\Program Files\JetBrains\PyCharm Community Edition 2021.2.2\bin;;C:\Users\SamiDhiab\.platformio\penv\Scripts\;C:\Users\SamiDhiab\AppData\Local\Programs\Microsoft VS Code\bin;C:\Users\SamiDhiab\AppData\Local\Programs\MiKTeX\miktex\bin\x64\;C:\Program Files\doxygen\bin;C:\Users\SamiDhiab\AppData\Local\Programs\BFGroup\B2\
# default
MAKE = $(MAKE_COMMAND)
# default
MAKECMDGOALS := all
# environment
PATH = C:\Program Files\Eclipse Foundation\jdk-8.0.302.8-hotspot\bin;C:\Program Files (x86)\Common Files\Oracle\Java\javapath;C:\WINDOWS\system32;C:\WINDOWS;C:\WINDOWS\System32\Wbem;C:\WINDOWS\System32\WindowsPowerShell\v1.0\;C:\WINDOWS\System32\OpenSSH\;C:\Program Files\PuTTY\;C:\Program Files\Git\cmd;C:\TDM-GCC-64\bin;C:\Program Files\nodejs\;C:\Program Files\dotnet\;C:\ProgramData\chocolatey\bin;C:\Program Files\STEMMER IMAGING\Common Vision Blox\;C:\Program Files\Microsoft SQL Server\130\Tools\Binn\;C:\Program Files\Microsoft SQL Server\Client SDK\ODBC\170\Tools\Binn\;C:\Program Files\CMake\bin;C;C:\Program Files (x86)\Graphviz\bin;C:\Users\SamiDhiab\AppData\Local\Programs\Python\Python39\Scripts\;C:\Users\SamiDhiab\AppData\Local\Programs\Python\Python39\;C:\Users\SamiDhiab\AppData\Local\Microsoft\WindowsApps;C:\Users\SamiDhiab\AppData\Roaming\npm;C:\Users\SamiDhiab\.dotnet\tools;C:\Program Files\JetBrains\PyCharm Community Edition 2021.2.2\bin;;C:\Users\SamiDhiab\.platformio\penv\Scripts\;C:\Users\SamiDhiab\AppData\Local\Programs\Microsoft VS Code\bin;C:\Users\SamiDhiab\AppData\Local\Programs\MiKTeX\miktex\bin\x64\;C:\Program Files\doxygen\bin;C:\Users\SamiDhiab\AppData\Local\Programs\BFGroup\B2\
# environment
CVB = C:\Program Files\STEMMER IMAGING\Common Vision Blox\
# environment
ONEDRIVECOMMERCIAL = C:\Users\SamiDhiab\OneDrive - Theion GmbH
# default
MAKE_VERSION := 3.82.90
# makefile
.DEFAULT_GOAL := 
# environment
PROGRAMFILES(X86) = C:\Program Files (x86)
# automatic
%D = $(patsubst %/,%,$(patsubst %\,%,$(dir $%)))
# environment
LOCALAPPDATA = C:\Users\SamiDhiab\AppData\Local
# environment
PSMODULEPATH = C:\Program Files\WindowsPowerShell\Modules;C:\WINDOWS\system32\WindowsPowerShell\v1.0\Modules
# default
MAKE_COMMAND := make.exe
# environment
PROCESSOR_ARCHITEW6432 = AMD64
# default
.VARIABLES := 
# automatic
*F = $(notdir $*)
# environment
PROCESSOR_IDENTIFIER = AMD64 Family 23 Model 96 Stepping 1, AuthenticAMD
# environment
OS = Windows_NT
# environment
VSCODE_IPC_HOOK = \\.\pipe\66617ee1df8269f425333cb861d18dbe-1.69.2-main-sock
# environment
PYTHONPATH = C:\Users\SamiDhiab\Theion_Repos;C:\Users\SamiDhiab\Theion_Repos\IR_Thermal_Camera\test\Medium_Imports_Tutorial\utils;C:\Users\SamiDhiab\Theion_Repos\soft_temperature_control_module\lib;
# environment
HOMEPATH = \Users\SamiDhiab
# environment
COMMONPROGRAMFILES(X86) = C:\Program Files (x86)\Common Files
# environment
PROMPT = $P$G
# environment
MFLAGS = -Rrqp
# automatic
*D = $(patsubst %/,%,$(patsubst %\,%,$(dir $*)))
# environment
SYSTEMROOT = C:\WINDOWS
# automatic
+D = $(patsubst %/,%,$(patsubst %\,%,$(dir $+)))
# automatic
+F = $(notdir $+)
# environment
APPDATA = C:\Users\SamiDhiab\AppData\Roaming
# environment
TEMP = C:\Users\SAMIDH~1\AppData\Local\Temp
# environment
COMSPEC = C:\WINDOWS\system32\cmd.exe
# default
MAKEFILES := 
# automatic
<F = $(notdir $<)
# environment
PLATFORMIO_CALLER = vscode
# environment
LC_ALL = C
# automatic
^F = $(notdir $^)
# default
SUFFIXES := 
# environment
SYSTEMDRIVE = C:
# environment
SESSIONNAME = Console
# environment
PROCESSOR_REVISION = 6001
# environment
CVBDATA = C:\ProgramData\STEMMER IMAGING\Common Vision Blox\
# default
.RECIPEPREFIX := 
# environment
LANG = C
# environment
PROCESSOR_LEVEL = 23
# environment
VSCODE_PID = 10376
# environment
USE 
RDOMAIN_ROAMINGPROFILE = AzureAD
# variable set hash-table stats:
# Load=100/1024=10%, Rehash=0, Collisions=15/115=13%

# Pattern-specific Variable Values

# No pattern-specific variable values.

# Directories

# : could not be stat'd.
# C:\WINDOWS\System32\WindowsPowerShell\v1.0\ (key C:/WINDOWS/System32/WindowsPowerShell/v1.0/, mtime 1640088842): 34 files, no impossibilities.
# C:\Users\SamiDhiab\AppData\Roaming\npm (key C:/Users/SamiDhiab/AppData/Roaming/npm, mtime 1632490459): 2 files, no impossibilities.
# . (key c:/Users/SamiDhiab/Theion_Repos/lib_keyence_distance_sensor/dependencies/SerialPort, mtime 1658830109): 14 files, no impossibilities.
# C:\Users\SamiDhiab\.platformio\penv\Scripts\ (key C:/Users/SamiDhiab/.platformio/penv/Scripts/, mtime 1656008720): 25 files, no impossibilities.
# C:\Program Files\Microsoft SQL Server\Client SDK\ODBC\170\Tools\Binn\ (key C:/Program Files/Microsoft SQL Server/Client SDK/ODBC/170/Tools/Binn/, mtime 1636023288): 7 files, no impossibilities.
# C:\Program Files (x86)\Common Files\Oracle\Java\javapath (key C:/Program Files (x86)/Common Files/Oracle/Java/javapath, mtime 1652174015): 5 files, no impossibilities.
# C:\Program Files\STEMMER IMAGING\Common Vision Blox\ (key C:/Program Files/STEMMER IMAGING/Common Vision Blox/, mtime 1634050659): 73 files, no impossibilities.
# C: could not be stat'd.
# C:\Users\SamiDhiab\AppData\Local\Microsoft\WindowsApps (key C:/Users/SamiDhiab/AppData/Local/Microsoft/WindowsApps, mtime 1658743225): 17 files, no impossibilities.
# C:\TDM-GCC-64\bin (key C:/TDM-GCC-64/bin, mtime 1637527553): 62 files, no impossibilities.
# C:\Program Files\Git\cmd (key C:/Program Files/Git/cmd, mtime 1631803578): 8 files, no impossibilities.
# C:\WINDOWS\System32\OpenSSH\: could not be stat'd.
# C:\Program Files (x86)\Graphviz\bin (key C:/Program Files (x86)/Graphviz/bin, mtime 1652959808): 62 files, no impossibilities.
# C:\Program Files\CMake\bin (key C:/Program Files/CMake/bin, mtime 1637523212): 7 files, no impossibilities.
# C:\WINDOWS (key C:/WINDOWS, mtime 1657876237): 134 files, no impossibilities.
# C:\Program Files\JetBrains\PyCharm Community Edition 2021.2.2\bin (key C:/Program Files/JetBrains/PyCharm Community Edition 2021.2.2/bin, mtime 1634660577): 28 files, no impossibilities.
# C:\Users\SamiDhiab\AppData\Local\Programs\Microsoft VS Code\bin (key C:/Users/SamiDhiab/AppData/Local/Programs/Microsoft VS Code/bin, mtime 1658231940): 4 files, no impossibilities.
# C:\Users\SamiDhiab\AppData\Local\Programs\BFGroup\B2\ (key C:/Users/SamiDhiab/AppData/Local/Programs/BFGroup/B2/, mtime 1657788032): 4 files, no impossibilities.
# C:\ProgramData\chocolatey\bin (key C:/ProgramData/chocolatey/bin, mtime 1633200592): 41 files, no impossibilities.
# C:\Users\SamiDhiab\.dotnet\tools: could not be stat'd.
# C:\Program Files\Eclipse Foundation\jdk-8.0.302.8-hotspot\bin (key C:/Program Files/Eclipse Foundation/jdk-8.0.302.8-hotspot/bin, mtime 1637168167): 53 files, no impossibilities.
# C:\Program Files\Microsoft SQL Server\130\Tools\Binn\ (key C:/Program Files/Microsoft SQL Server/130/Tools/Binn/, mtime 1636023284): 4 files, no impossibilities.
# C:\WINDOWS\System32\Wbem (key C:/WINDOWS/System32/Wbem, mtime 1657876240): 174 files, no impossibilities.
# C:\Program Files\doxygen\bin (key C:/Program Files/doxygen/bin, mtime 1652958329): 7 files, no impossibilities.
# C:\Program Files\nodejs\ (key C:/Program Files/nodejs/, mtime 1632490465): 11 files, no impossibilities.
# C:\Users\SamiDhiab\AppData\Local\Programs\MiKTeX\miktex\bin\x64\ (key C:/Users/SamiDhiab/AppData/Lo 
cal/Programs/MiKTeX/miktex/bin/x64/, mtime 1652959888): 732 files, no impossibilities.
# C:\WINDOWS\system32 (key C:/WINDOWS/system32, mtime 1657876577): 2995 files, no impossibilities.
# C:\Users\SamiDhiab\AppData\Local\Programs\Python\Python39\ (key C:/Users/SamiDhiab/AppData/Local/Programs/Python/Python39/, mtime 1633938602): 19 files, no impossibilities.
# C:\Program Files\dotnet\ (key C:/Program Files/dotnet/, mtime 1657873902): 13 files, no impossibilities.
# C:\Users\SamiDhiab\AppData\Local\Programs\Python\Python39\Scripts\ (key C:/Users/SamiDhiab/AppData/Local/Programs/Python/Python39/Scripts/, mtime 1647271958): 78 files, no impossibilities.
# C:\Program Files\PuTTY\ (key C:/Program Files/PuTTY/, mtime 1629711085): 12 files, no impossibilities.

# 4625 files, no impossibilities in 32 directories.

# Implicit Rules

# No implicit rules.

# Files

# Not a target:
all:
#  Command line target.
#  Implicit rule search has been done.
#  File does not exist.
#  File has not been updated.

# Not a target:
.SUFFIXES:
#  Implicit rule search has not been done.
#  Modification time never checked.
#  File has not been updated.

# Not a target:
Makefile:
#  Implicit rule search has been done.
#  File does not exist.
#  File has been updated.
#  Failed to be updated.

# Not a target:
makefile:
#  Implicit rule search has been done.
#  File does not exist.
#  File has been updated.
#  Failed to be updated.

# Not a target:
.DEFAULT:
#  Implicit rule search has not been done.
#  Modification time never checked.
#  File has not been updated.

# Not a target:
GNUmakefile:
#  Implicit rule search has been done.
#  File does not exist.
#  File has been updated.
#  Failed to be updated.

# files hash-table stats:
# Load=6/1024=1%, Rehash=0, Collisions=0/15=0%
# VPATH Search Paths

# No 'vpath' search paths.

# No general ('VPATH' variable) search path.

# strcache buffers: 9 (6) / strings = 4500 / storage = 68563 B / avg = 15 B
# current buf: size = 8174 B / used = 3251 B / count = 243 / avg = 13 B
# other used: total = 6038 
9 B / count = 4257 / avg = 14 B
# other free: total = 80 B / max = 21 B / min = 2 B / avg = 10 B

# strcache performance: lookups = 4664 / hit rate = 3%
# hash-table stats:
# Load=4500/8192=55%, Rehash=0, Collisions=2201/4664=47%
# Finished Make data base on Tue Jul 26 12:08:35 2022

 
make.exe: *** No rule to make target 'all'.  Stop.

